#
# There is insufficient memory for the Java Runtime Environment to continue.
# Native memory allocation (mmap) failed to map 260046848 bytes for Failed to commit area from 0x0000000709c00000 to 0x0000000719400000 of length 260046848.
# Possible reasons:
#   The system is out of physical RAM or swap space
#   The process is running with CompressedOops enabled, and the Java Heap may be blocking the growth of the native heap
# Possible solutions:
#   Reduce memory load on the system
#   Increase physical memory or swap space
#   Check if swap backing store is full
#   Decrease Java heap size (-Xmx/-Xms)
#   Decrease number of Java threads
#   Decrease Java thread stack sizes (-Xss)
#   Set larger code cache with -XX:ReservedCodeCacheSize=
# This output file may be truncated or incomplete.
#
#  Out of Memory Error (./src/hotspot/os/windows/os_windows.cpp:3380), pid=12500, tid=23076
#
# JRE version:  (11.0.12+7) (build )
# Java VM: OpenJDK 64-Bit Server VM (11.0.12+7, mixed mode, sharing, tiered, compressed oops, g1 gc, windows-amd64)
# No core dump will be written. Minidumps are not enabled by default on client versions of Windows
#

---------------  S U M M A R Y ------------

Command Line: com.ea.async.shaded.net.bytebuddy.agent.Attacher com.sun.tools.attach.VirtualMachine 15580 C:\Users\Teodor Mihail\.m2\repository\com\ea\async\ea-async\1.2.3\ea-async-1.2.3.jar 

Host: AMD Ryzen 7 5700U with Radeon Graphics         , 16 cores, 15G,  Windows 10 , 64 bit Build 19041 (10.0.19041.2251)
Time: Thu Dec  8 21:55:28 2022 GMT Standard Time elapsed time: 0.011650 seconds (0d 0h 0m 0s)

---------------  T H R E A D  ---------------

Current thread (0x00000162120ed800):  JavaThread "Unknown thread" [_thread_in_vm, id=23076, stack(0x0000005303400000,0x0000005303500000)]

Stack: [0x0000005303400000,0x0000005303500000]
Native frames: (J=compiled Java code, j=interpreted, Vv=VM code, C=native code)
V  [jvm.dll+0x6090fa]
V  [jvm.dll+0x79229e]
V  [jvm.dll+0x79396f]
V  [jvm.dll+0x794033]
V  [jvm.dll+0x24bed8]
V  [jvm.dll+0x60624a]
V  [jvm.dll+0x5facf5]
V  [jvm.dll+0x303b5c]
V  [jvm.dll+0x3039e2]
V  [jvm.dll+0x308706]
V  [jvm.dll+0x34d5cf]
V  [jvm.dll+0x34d000]
V  [jvm.dll+0x2e0c68]
V  [jvm.dll+0x2e1dc6]
V  [jvm.dll+0x76d627]
V  [jvm.dll+0x76edaf]
V  [jvm.dll+0x35a359]
V  [jvm.dll+0x750710]
V  [jvm.dll+0x3c1f8f]
V  [jvm.dll+0x3c4461]
C  [jli.dll+0x5207]
C  [ucrtbase.dll+0x21bb2]
C  [KERNEL32.DLL+0x174b4]
C  [ntdll.dll+0x526a1]


---------------  P R O C E S S  ---------------

Threads class SMR info:
_java_thread_list=0x00000162106955f0, length=0, elements={
}

Java Threads: ( => current thread )

Other Threads:
  0x0000016212106800 GCTaskThread "GC Thread#0" [stack: 0x0000005303500000,0x0000005303600000] [id=18304]
  0x0000016212161800 ConcurrentGCThread "G1 Main Marker" [stack: 0x0000005303600000,0x0000005303700000] [id=13908]
  0x0000016212163800 ConcurrentGCThread "G1 Conc#0" [stack: 0x0000005303700000,0x0000005303800000] [id=19292]

[error occurred during error reporting (printing all threads), id 0xc0000005, EXCEPTION_ACCESS_VIOLATION (0xc0000005) at pc=0x00007ffc59670337]

VM state:not at safepoint (not fully initialized)

VM Mutex/Monitor currently owned by a thread:  ([mutex/lock_event])
[0x00000162120e7ab0] Heap_lock - owner thread: 0x00000162120ed800

Heap address: 0x0000000709c00000, size: 3940 MB, Compressed Oops mode: Non-zero based: 0x0000000709c00000
Narrow klass base: 0x0000000000000000, Narrow klass shift: 0

GC Heap History (0 events):
No events

Deoptimization events (0 events):
No events

Classes redefined (0 events):
No events

Internal exceptions (0 events):
No events

Events (1 events):
Event: 0.008 Loaded shared library C:\Program Files\Microsoft\jdk-11.0.12.7-hotspot\bin\zip.dll


Dynamic libraries:
0x00007ff6bda20000 - 0x00007ff6bda2d000 	C:\Program Files\Microsoft\jdk-11.0.12.7-hotspot\bin\java.exe
0x00007ffcbec30000 - 0x00007ffcbee28000 	C:\Windows\SYSTEM32\ntdll.dll
0x00007ffcbcc70000 - 0x00007ffcbcd2f000 	C:\Windows\System32\KERNEL32.DLL
0x00007ffcbc470000 - 0x00007ffcbc742000 	C:\Windows\System32\KERNELBASE.dll
0x00007ffcbc860000 - 0x00007ffcbc960000 	C:\Windows\System32\ucrtbase.dll
0x00007ffc9eaf0000 - 0x00007ffc9eb07000 	C:\Program Files\Microsoft\jdk-11.0.12.7-hotspot\bin\jli.dll
0x00007ffc9eab0000 - 0x00007ffc9eac5000 	C:\Program Files\Microsoft\jdk-11.0.12.7-hotspot\bin\VCRUNTIME140.dll
0x00007ffcbda20000 - 0x00007ffcbdbc1000 	C:\Windows\System32\USER32.dll
0x00007ffcbc320000 - 0x00007ffcbc342000 	C:\Windows\System32\win32u.dll
0x00007ffc9c320000 - 0x00007ffc9c5ba000 	C:\Windows\WinSxS\amd64_microsoft.windows.common-controls_6595b64144ccf1df_6.0.19041.1110_none_60b5254171f9507e\COMCTL32.dll
0x00007ffcbcd40000 - 0x00007ffcbcd6b000 	C:\Windows\System32\GDI32.dll
0x00007ffcbdeb0000 - 0x00007ffcbdf4e000 	C:\Windows\System32\msvcrt.dll
0x00007ffcbc750000 - 0x00007ffcbc85f000 	C:\Windows\System32\gdi32full.dll
0x00007ffcbcb40000 - 0x00007ffcbcbdd000 	C:\Windows\System32\msvcp_win.dll
0x00007ffcbeb50000 - 0x00007ffcbeb82000 	C:\Windows\System32\IMM32.DLL
0x00007ffc73630000 - 0x00007ffc736cb000 	C:\Program Files\Microsoft\jdk-11.0.12.7-hotspot\bin\msvcp140.dll
0x00007ffc59380000 - 0x00007ffc59ee1000 	C:\Program Files\Microsoft\jdk-11.0.12.7-hotspot\bin\server\jvm.dll
0x00007ffcbd220000 - 0x00007ffcbd2ce000 	C:\Windows\System32\ADVAPI32.dll
0x00007ffcbd0f0000 - 0x00007ffcbd18c000 	C:\Windows\System32\sechost.dll
0x00007ffcbdbd0000 - 0x00007ffcbdcf5000 	C:\Windows\System32\RPCRT4.dll
0x00007ffcbcd30000 - 0x00007ffcbcd38000 	C:\Windows\System32\PSAPI.DLL
0x00007ffc975a0000 - 0x00007ffc975a9000 	C:\Windows\SYSTEM32\WSOCK32.dll
0x00007ffcb5c00000 - 0x00007ffcb5c27000 	C:\Windows\SYSTEM32\WINMM.dll
0x00007ffcb4670000 - 0x00007ffcb467a000 	C:\Windows\SYSTEM32\VERSION.dll
0x00007ffcbde40000 - 0x00007ffcbdeab000 	C:\Windows\System32\WS2_32.dll
0x00007ffcbab80000 - 0x00007ffcbab92000 	C:\Windows\SYSTEM32\kernel.appcore.dll
0x00007ffcb9570000 - 0x00007ffcb9580000 	C:\Program Files\Microsoft\jdk-11.0.12.7-hotspot\bin\verify.dll
0x00007ffcba930000 - 0x00007ffcbab14000 	C:\Windows\SYSTEM32\DBGHELP.DLL
0x00007ffca1c20000 - 0x00007ffca1c55000 	C:\Windows\SYSTEM32\dbgcore.DLL
0x00007ffcbcbe0000 - 0x00007ffcbcc62000 	C:\Windows\System32\bcryptPrimitives.dll
0x00007ffc86090000 - 0x00007ffc860b8000 	C:\Program Files\Microsoft\jdk-11.0.12.7-hotspot\bin\java.dll
0x00007ffcb4340000 - 0x00007ffcb434a000 	C:\Program Files\Microsoft\jdk-11.0.12.7-hotspot\bin\jimage.dll
0x00007ffc96940000 - 0x00007ffc96957000 	C:\Program Files\Microsoft\jdk-11.0.12.7-hotspot\bin\zip.dll

dbghelp: loaded successfully - version: 4.0.5 - missing functions: none
symbol engine: initialized successfully - sym options: 0x614 - pdb path: .;C:\Program Files\Microsoft\jdk-11.0.12.7-hotspot\bin;C:\Windows\SYSTEM32;C:\Windows\WinSxS\amd64_microsoft.windows.common-controls_6595b64144ccf1df_6.0.19041.1110_none_60b5254171f9507e;C:\Program Files\Microsoft\jdk-11.0.12.7-hotspot\bin\server

VM Arguments:
java_command: com.ea.async.shaded.net.bytebuddy.agent.Attacher com.sun.tools.attach.VirtualMachine 15580 C:\Users\Teodor Mihail\.m2\repository\com\ea\async\ea-async\1.2.3\ea-async-1.2.3.jar 
java_class_path (initial): C:\Users\Teodor Mihail\.m2\repository\com\ea\async\ea-async\1.2.3\ea-async-1.2.3.jar
Launcher Type: SUN_STANDARD

[Global flags]
     intx CICompilerCount                          = 12                                        {product} {ergonomic}
     uint ConcGCThreads                            = 3                                         {product} {ergonomic}
     uint G1ConcRefinementThreads                  = 13                                        {product} {ergonomic}
   size_t G1HeapRegionSize                         = 1048576                                   {product} {ergonomic}
    uintx GCDrainStackTargetSize                   = 64                                        {product} {ergonomic}
   size_t InitialHeapSize                          = 260046848                                 {product} {ergonomic}
   size_t MarkStackSize                            = 4194304                                   {product} {ergonomic}
   size_t MaxHeapSize                              = 4131389440                                {product} {ergonomic}
   size_t MinHeapDeltaBytes                        = 1048576                                   {product} {ergonomic}
    uintx NonNMethodCodeHeapSize                   = 7594288                                {pd product} {ergonomic}
    uintx NonProfiledCodeHeapSize                  = 122031976                              {pd product} {ergonomic}
    uintx ProfiledCodeHeapSize                     = 122031976                              {pd product} {ergonomic}
    uintx ReservedCodeCacheSize                    = 251658240                              {pd product} {ergonomic}
     bool SegmentedCodeCache                       = true                                      {product} {ergonomic}
     bool UseCompressedClassPointers               = true                                 {lp64_product} {ergonomic}
     bool UseCompressedOops                        = true                                 {lp64_product} {ergonomic}
     bool UseG1GC                                  = true                                      {product} {ergonomic}
     bool UseLargePagesIndividualAllocation        = false                                  {pd product} {ergonomic}

Logging:
Log output configuration:
 #0: stdout all=warning uptime,level,tags
 #1: stderr all=off uptime,level,tags

Environment Variables:
JAVA_HOME=C:\Program Files\Microsoft\jdk-11.0.12.7-hotspot
PATH=C:\Program Files\Eclipse Foundation\jdk-8.0.302.8-hotspot\bin;C:\Program Files\Microsoft\jdk-11.0.12.7-hotspot\bin;C:\Windows\system32;C:\Windows;C:\Windows\System32\Wbem;C:\Windows\System32\WindowsPowerShell\v1.0\;C:\Windows\System32\OpenSSH\;C:\Program Files\Microsoft SQL Server\150\Tools\Binn\;C:\Program Files\dotnet\;C:\Program Files\Microsoft SQL Server\130\Tools\Binn\;C:\Program Files\nodejs\;C:\Users\Teodor Mihail\dotnet-csharp-tools\Microsoft.CodeDom.Providers.DotNetCompilerPlatform.3.6.0\tools\Roslyn472;C:\Program Files\Git\cmd;C:\Program Files\MySQL\MySQL Server 8.0\bin;C:\Users\Teodor Mihail\AppData\Local\Programs\Python\Python310;C:\Users\Teodor Mihail\AppData\Local\Programs\Python\Python310\Scripts;C:\Users\Teodor Mihail\AppData\Local\Programs\Python\Python310\python.exe;C:\Program Files\Microsoft SQL Server\Client SDK\ODBC\170\Tools\Binn\;C:\Users\Teodor Mihail\AppData\Local\Programs\Python\Python310\Scripts\;C:\Users\Teodor Mihail\AppData\Local\Programs\Python\Python310\;C:\Program Files\MySQL\MySQL Shell 8.0\bin\;C:\Users\Teodor Mihail\scoop\shims\shims;C:\Users\Teodor Mihail\AppData\Local\Programs\Microsoft VS Code\bin;C:\Users\Teodor Mihail\.dotnet\tools;C:\Program Files\android-sdk\platform-tools;C:\Users\Teodor Mihail\anaconda3;
USERNAME=Teodor Mihail
OS=Windows_NT
PROCESSOR_IDENTIFIER=AMD64 Family 23 Model 104 Stepping 1, AuthenticAMD



---------------  S Y S T E M  ---------------

OS: Windows 10 , 64 bit Build 19041 (10.0.19041.2251)
OS uptime: 0 days 7:48 hours
Hyper-V role detected

CPU:total 16 (initial active 16) (16 cores per cpu, 2 threads per core) family 23 model 104 stepping 1 microcode 0x0, cmov, cx8, fxsr, mmx, sse, sse2, sse3, ssse3, sse4.1, sse4.2, popcnt, avx, avx2, aes, clmul, mmxext, 3dnowpref, lzcnt, sse4a, ht, tsc, tscinvbit, tscinv, bmi1, bmi2, adx, sha, fma

Memory: 4k page, system-wide physical 15753M (3697M free)
TotalPageFile size 18682M (AvailPageFile size 110M)
current process WorkingSet (physical memory assigned to process): 10M, peak: 10M
current process commit charge ("private bytes"): 71M, peak: 319M

vm_info: OpenJDK 64-Bit Server VM (11.0.12+7) for windows-amd64 JRE (11.0.12+7), built on Jul 21 2021 15:41:43 by "" with unknown MS VC++:1916

END.
